<div>    <h2>Commit Information</h2>    <h4>CommitSHA</h4>    6c369c1af19c54af4485d475debefc1bd69da740</div><div style="background-color:#DFDFDF">    <h4>Commit Date</h4>    2302011200</div><div>    <h4>Commit Message</h4>    whatever</div><div style="background-color:#DFDFDF">    <h4>Commit Author</h4>    </div><div>    <h2>Build Information</h2>    <h4>Build date</h4>    2302011200</div><div style="background-color:#DFDFDF">    <h4>Build Test Result</h4>    FAILURE</div><div>    <h4>Gradle Output</h4>    Initialized native services in: /home/vicious/.gradle/native <br> Initialized jansi services in: /home/vicious/.gradle/native <br> Received JVM installation metadata from '/usr/lib/jvm/java-16-jdk': {JAVA_HOME=/usr/lib/jvm/java-16-jdk, JAVA_VERSION=16.0.1, JAVA_VENDOR=Oracle Corporation, RUNTIME_NAME=Java(TM) SE Runtime Environment, RUNTIME_VERSION=16.0.1+9-24, VM_NAME=Java HotSpot(TM) 64-Bit Server VM, VM_VERSION=16.0.1+9-24, VM_VENDOR=Oracle Corporation, OS_ARCH=amd64} <br> Found daemon DaemonInfo{pid=3044, address=[26c981cc-8b72-4ff6-afaa-bfd8e9c5ee6c port:35633, addresses:[/127.0.0.1]], state=Idle, lastBusy=1675865917765, context=DefaultDaemonContext[uid=6edec9d0-b8bd-4745-8e5f-9dfedd666de6,javaHome=/usr/lib/jvm/java-19-openjdk,daemonRegistryDir=/home/vicious/.gradle/daemon,pid=3044,idleTimeout=10800000,priority=NORMAL,daemonOpts=--add-opens=java.base/java.util=ALL-UNNAMED,--add-opens=java.base/java.lang=ALL-UNNAMED,--add-opens=java.base/java.lang.invoke=ALL-UNNAMED,--add-opens=java.prefs/java.util.prefs=ALL-UNNAMED,--add-opens=java.base/java.nio.charset=ALL-UNNAMED,--add-opens=java.base/java.net=ALL-UNNAMED,--add-opens=java.base/java.util.concurrent.atomic=ALL-UNNAMED,-XX:MaxMetaspaceSize=256m,-XX:+HeapDumpOnOutOfMemoryError,-Xms256m,-Xmx512m,-Dfile.encoding=utf8,-Duser.country=US,-Duser.language=en,-Duser.variant]} however its context does not match the desired criteria. <br> Java home is different. <br> Wanted: DefaultDaemonContext[uid=null,javaHome=/usr/lib/jvm/java-16-jdk,daemonRegistryDir=/home/vicious/.gradle/daemon,pid=22767,idleTimeout=null,priority=NORMAL,daemonOpts=--add-opens=java.base/java.util=ALL-UNNAMED,--add-opens=java.base/java.lang=ALL-UNNAMED,--add-opens=java.base/java.lang.invoke=ALL-UNNAMED,--add-opens=java.prefs/java.util.prefs=ALL-UNNAMED,--add-opens=java.base/java.nio.charset=ALL-UNNAMED,--add-opens=java.base/java.net=ALL-UNNAMED,--add-opens=java.base/java.util.concurrent.atomic=ALL-UNNAMED,-XX:MaxMetaspaceSize=256m,-XX:+HeapDumpOnOutOfMemoryError,-Xms256m,-Xmx512m,-Dfile.encoding=UTF-8,-Duser.country=US,-Duser.language=en,-Duser.variant] <br> Actual: DefaultDaemonContext[uid=6edec9d0-b8bd-4745-8e5f-9dfedd666de6,javaHome=/usr/lib/jvm/java-19-openjdk,daemonRegistryDir=/home/vicious/.gradle/daemon,pid=3044,idleTimeout=10800000,priority=NORMAL,daemonOpts=--add-opens=java.base/java.util=ALL-UNNAMED,--add-opens=java.base/java.lang=ALL-UNNAMED,--add-opens=java.base/java.lang.invoke=ALL-UNNAMED,--add-opens=java.prefs/java.util.prefs=ALL-UNNAMED,--add-opens=java.base/java.nio.charset=ALL-UNNAMED,--add-opens=java.base/java.net=ALL-UNNAMED,--add-opens=java.base/java.util.concurrent.atomic=ALL-UNNAMED,-XX:MaxMetaspaceSize=256m,-XX:+HeapDumpOnOutOfMemoryError,-Xms256m,-Xmx512m,-Dfile.encoding=utf8,-Duser.country=US,-Duser.language=en,-Duser.variant] <br>  <br>   Looking for a different daemon... <br> The client will now receive all logging from the daemon (pid: 17534). The daemon log file: /home/vicious/.gradle/daemon/7.6/daemon-17534.out.log <br> Starting 3rd build in daemon [uptime: 2 mins 38.172 secs, performance: 100%, non-heap usage: 18% of 256 MiB] <br> Using 12 worker leases. <br> Now considering [/home/vicious/Workspace/DD2480/SEF-CICD] as hierarchies to watch <br> Watching the file system is configured to be enabled if available <br> File system watching is active <br> Starting Build <br> Settings evaluated using settings file '/home/vicious/Workspace/DD2480/SEF-CICD/settings.gradle'. <br> Projects loaded. Root project using build file '/home/vicious/Workspace/DD2480/SEF-CICD/build.gradle'. <br> Included projects: [root project 'CICDServerGradle'] <br>  <br> > Configure project : <br> Evaluating root project 'CICDServerGradle' using build file '/home/vicious/Workspace/DD2480/SEF-CICD/build.gradle'. <br> All projects evaluated. <br> Task name matched 'test' <br> Selected primary task 'test' from project : <br> Tasks to be executed: [task ':compileJava', task ':processResources', task ':classes', task ':compileTestJava', task ':processTestResources', task ':testClasses', task ':test'] <br> Tasks that were excluded: [] <br> Resolve mutations for :compileJava (Thread[Execution worker,5,main]) started. <br> :compileJava (Thread[Execution worker Thread 10,5,main]) started. <br>  <br> > Task :compileJava UP-TO-DATE <br> Caching disabled for task ':compileJava' because: <br>   Build cache is disabled <br> Skipping task ':compileJava' as it is up-to-date. <br> Resolve mutations for :processResources (Thread[Execution worker Thread 10,5,main]) started. <br> :processResources (Thread[Execution worker Thread 10,5,main]) started. <br>  <br> > Task :processResources NO-SOURCE <br> Skipping task ':processResources' as it has no source files and no previous output files. <br> Resolve mutations for :classes (Thread[Execution worker Thread 10,5,main]) started. <br> :classes (Thread[Execution worker Thread 2,5,main]) started. <br>  <br> > Task :classes UP-TO-DATE <br> Skipping task ':classes' as it has no actions. <br> Resolve mutations for :compileTestJava (Thread[Execution worker Thread 5,5,main]) started. <br> :compileTestJava (Thread[Execution worker Thread 5,5,main]) started. <br>  <br> > Task :compileTestJava UP-TO-DATE <br> Caching disabled for task ':compileTestJava' because: <br>   Build cache is disabled <br> Skipping task ':compileTestJava' as it is up-to-date. <br> Resolve mutations for :processTestResources (Thread[Execution worker Thread 5,5,main]) started. <br> :processTestResources (Thread[Execution worker Thread 5,5,main]) started. <br>  <br> > Task :processTestResources NO-SOURCE <br> Skipping task ':processTestResources' as it has no source files and no previous output files. <br> Resolve mutations for :testClasses (Thread[Execution worker Thread 5,5,main]) started. <br> :testClasses (Thread[Execution worker Thread 4,5,main]) started. <br>  <br> > Task :testClasses UP-TO-DATE <br> Skipping task ':testClasses' as it has no actions. <br> Resolve mutations for :test (Thread[Execution worker Thread 4,5,main]) started. <br> producer locations for task group 0 (Thread[Execution worker Thread 4,5,main]) started. <br> :test (Thread[Execution worker Thread 3,5,main]) started. <br> Gradle Test Executor 3 started executing tests. <br> Gradle Test Executor 3 finished executing tests. <br>  <br> > Task :test FAILED <br> Caching disabled for task ':test' because: <br>   Build cache is disabled <br> Task ':test' is not up-to-date because: <br>   Task has failed previously. <br> Watching 41 directories to track changes <br> Watching 36 directories to track changes <br> Watching 35 directories to track changes <br> Starting process 'Gradle Test Executor 3'. Working directory: /home/vicious/Workspace/DD2480/SEF-CICD Command: /usr/lib/jvm/java-16-jdk/bin/java -Dorg.gradle.internal.worker.tmpdir=/home/vicious/Workspace/DD2480/SEF-CICD/build/tmp/test/work -Dorg.gradle.native=false @/home/vicious/.gradle/.tmp/gradle-worker-classpath7841704567565100092txt -Xmx512m -Dfile.encoding=UTF-8 -Duser.country=US -Duser.language=en -Duser.variant -ea worker.org.gradle.process.internal.worker.GradleWorkerMain 'Gradle Test Executor 3' <br> Successfully started process 'Gradle Test Executor 3' <br>  <br> TestCheckerTest > testCommitWithPassingTestsSendsSuccessOverAPI() FAILED <br>     org.opentest4j.AssertionFailedError: expected: <SUCCESS> but was: <ERROR> <br>         at app//org.junit.jupiter.api.AssertionUtils.fail(AssertionUtils.java:55) <br>         at app//org.junit.jupiter.api.AssertionUtils.failNotEqual(AssertionUtils.java:62) <br>         at app//org.junit.jupiter.api.AssertEquals.assertEquals(AssertEquals.java:182) <br>         at app//org.junit.jupiter.api.AssertEquals.assertEquals(AssertEquals.java:177) <br>         at app//org.junit.jupiter.api.Assertions.assertEquals(Assertions.java:1141) <br>         at app//se.kth.pipelines.TestCheckerTest.testCommitWithPassingTestsSendsSuccessOverAPI(TestCheckerTest.java:35) <br> Finished generating test XML results (0.002 secs) into: /home/vicious/Workspace/DD2480/SEF-CICD/build/test-results/test <br> Generating HTML test report... <br> Finished generating test html results (0.002 secs) into: /home/vicious/Workspace/DD2480/SEF-CICD/build/reports/tests/test <br> Watching 36 directories to track changes <br> Watching 41 directories to track changes <br> Watching 42 directories to track changes <br>  <br> Deprecated Gradle features were used in this build, making it incompatible with Gradle 8.0. <br>  <br> You can use '--warning-mode all' to show the individual deprecation warnings and determine if they come from your own scripts or plugins. <br>  <br> See https://docs.gradle.org/7.6/userguide/command_line_interface.html#sec:command_line_warnings <br> 3 actionable tasks: 1 executed, 2 up-to-date</div>